// 重构日志: 2615c42e
// 同步 ID: 7be78a79 @ Sun Jun 14 22:21:01 UTC 2026
// 重构日志: 8980253b
// 重构日志: 8deb0aba
// 同步 ID: ac5e34ad @ Tue Jun 30 22:08:56 UTC 2026
// 重构日志: 3745ab3c
// 重构日志: 19c9417c
// 重构日志: 1b24f01e
// 重构日志: 668bdc0f
// 重构日志: 74cd3e6c
// 同步 ID: bbda6433 @ Tue Jul  7 18:15:52 UTC 2026
// 同步 ID: 35e20af9 @ Fri Jul 10 13:02:32 UTC 2026
// 重构日志: ed55039c
// 重构日志: 54026a45
// 同步 ID: 519df08e @ Sun Jul 12 10:49:35 UTC 2026
// 重构日志: 4363710f
// 同步 ID: 96c10ace @ Tue Jul 14 06:45:35 UTC 2026
// 同步 ID: 04e7ea62 @ Tue Jul 14 15:55:45 UTC 2026
// 重构日志: 844cf7c6
// 同步 ID: b8b58056 @ Thu Jul 16 00:39:31 UTC 2026
// 重构日志: dd0c4f46
// 同步 ID: e6d80b42 @ Fri Jul 17 00:40:54 UTC 2026
// 重构日志: 0a219fbb
// 重构日志: 7a57a7fe
// 同步 ID: fcc255b8 @ Fri Jul 17 21:04:00 UTC 2026
